Arguments: 
  /usr/bin/node /usr/bin/yarn add validator

PATH: 
  /usr/local/sbin:/usr/local/bin:/usr/bin:/usr/lib/jvm/default/bin:/usr/bin/site_perl:/usr/bin/vendor_perl:/usr/bin/core_perl:/home/navas/Android/Sdk/emulator:/home/navas/Android/Sdk/tools:/home/navas/Android/Sdk/tools/bin:/home/navas/Android/Sdk/platform-tools:/home/navas/.fzf/bin:/home/navas/Android/Sdk/emulator:/home/navas/Android/Sdk/tools:/home/navas/Android/Sdk/tools/bin:/home/navas/Android/Sdk/platform-tools:/home/navas/Android/Sdk/emulator:/home/navas/Android/Sdk/tools:/home/navas/Android/Sdk/tools/bin:/home/navas/Android/Sdk/platform-tools

Yarn version: 
  1.22.10

Node version: 
  15.11.0

Platform: 
  linux x64

Trace: 
  Error: getaddrinfo EAI_AGAIN registry.yarnpkg.com
      at GetAddrInfoReqWrap.onlookup [as oncomplete] (node:dns:69:26)

npm manifest: 
  {
    "name": "design-patterns-typescript",
    "version": "1.0.0",
    "description": "",
    "main": "index.js",
    "scripts": {
      "test": "echo \"Error: no test specified\" && exit 1"
    },
    "repository": {
      "type": "git",
      "url": "git+https://github.com/gabrielnavas/design-patterns-typescript.git"
    },
    "keywords": [],
    "author": "",
    "license": "ISC",
    "bugs": {
      "url": "https://github.com/gabrielnavas/design-patterns-typescript/issues"
    },
    "homepage": "https://github.com/gabrielnavas/design-patterns-typescript#readme",
    "devDependencies": {
      "@typescript-eslint/eslint-plugin": "^4.15.1",
      "@typescript-eslint/parser": "^4.15.1",
      "eslint": "^7.20.0",
      "eslint-config-standard": "^16.0.2",
      "eslint-plugin-import": "^2.22.1",
      "eslint-plugin-node": "^11.1.0",
      "eslint-plugin-promise": "^4.3.1",
      "ts-node": "^9.1.1",
      "typescript": "^4.1.5"
    }
  }

yarn manifest: 
  No manifest

Lockfile: 
  No lockfile
